2026-02-15 21:05:58,946 - INFO - Pipeline started
2026-02-15 21:05:58,946 - INFO - Installing dependencies
2026-02-15 21:06:17,494 - INFO - Pipeline started
2026-02-15 21:06:17,494 - INFO - Installing dependencies
2026-02-15 21:06:17,695 - INFO - Running pytest
2026-02-15 21:07:30,367 - INFO - Pipeline started
2026-02-15 21:07:30,367 - INFO - Installing dependencies
2026-02-15 21:07:30,570 - INFO - Running pytest
2026-02-16 13:48:07,359 - INFO - Pipeline started
2026-02-16 13:48:07,360 - INFO - Installing dependencies
2026-02-16 13:48:09,478 - INFO - Running pytest
2026-02-16 13:51:12,648 - INFO - Pipeline started
2026-02-16 13:51:12,648 - INFO - Installing dependencies
2026-02-16 13:51:13,903 - INFO - Running pytest
2026-02-16 13:51:15,493 - INFO - Running unittest
2026-02-16 13:51:16,012 - INFO - Building project
2026-02-16 13:51:16,041 - INFO - Deploying project
2026-02-16 13:51:16,058 - INFO - Pipeline completed successfully
2026-02-16 13:55:36,009 - INFO - Pipeline started
2026-02-16 13:55:36,010 - INFO - Installing dependencies
2026-02-16 13:55:37,215 - INFO - Running pytest
2026-02-16 13:55:38,221 - INFO - Running unittest
2026-02-16 13:55:38,584 - INFO - Building project
2026-02-16 13:55:38,599 - INFO - Deploying project
2026-02-16 13:55:38,621 - INFO - Pipeline completed successfully
2026-02-16 13:59:38,088 - INFO - Pipeline started
2026-02-16 13:59:38,089 - INFO - Installing dependencies
2026-02-16 13:59:39,310 - INFO - Running pytest
2026-02-16 13:59:40,106 - INFO - Running unittest
2026-02-16 13:59:40,454 - INFO - Building project
2026-02-16 13:59:40,470 - INFO - Deploying project
2026-02-16 13:59:40,501 - INFO - Pipeline completed successfully
2026-02-16 14:02:37,307 - INFO - Pipeline started
2026-02-16 14:02:37,308 - INFO - Installing dependencies
2026-02-16 14:02:38,706 - INFO - Running pytest
2026-02-16 14:02:39,583 - INFO - Running unittest
2026-02-16 14:02:39,928 - INFO - Building project
2026-02-16 14:02:39,944 - INFO - Deploying project
2026-02-16 14:02:39,971 - INFO - Pipeline completed successfully
